Arguments: 
  /Users/takahiro-saeki/.nvm/versions/node/v8.9.4/bin/node /usr/local/Cellar/yarn/1.5.1/libexec/bin/yarn.js build

PATH: 
  /Users/takahiro-saeki/.rbenv/shims:/Users/takahiro-saeki/.rbenv/bin:/Users/takahiro-saeki/.nvm/versions/node/v8.9.4/bin:/usr/local/bin:/usr/bin:/bin:/usr/sbin:/sbin:/Users/takahiro-saeki/Library/Android/sdk/platform-tools

Yarn version: 
  1.5.1

Node version: 
  8.9.4

Platform: 
  darwin x64

npm manifest: 
  {
    "name": "new-book",
    "version": "1.0.0",
    "babel": {
      "presets": [
        "es2015"
      ]
    },
    "description": "",
    "main": "index.js",
    "scripts": {
      "test": "echo \"Error: no test specified\" && exit 1",
      "tree": "tree -I node_modules",
      "start": "gulp"
    },
    "repository": {
      "type": "git",
      "url": "git+https://github.com/takahiro-saeki/new-book.git"
    },
    "author": "",
    "license": "ISC",
    "bugs": {
      "url": "https://github.com/takahiro-saeki/new-book/issues"
    },
    "homepage": "https://github.com/takahiro-saeki/new-book#readme",
    "devDependencies": {
      "autoprefixer": "^6.3.1",
      "babel-preset-es2015": "^6.3.13",
      "babelify": "^7.2.0",
      "browserify": "^13.0.0",
      "ejs": "^2.4.1",
      "fs": "0.0.2",
      "gulp": "^3.9.0",
      "gulp-ejs": "^1.2.2",
      "gulp-postcss": "^6.0.1",
      "gulp-webserver": "^0.9.1",
      "install": "^0.4.4",
      "jquery": "^2.2.0",
      "jquery-ui": "^1.10.5",
      "npm": "^3.7.3",
      "postcss-color-function": "^2.0.0",
      "postcss-custom-media": "^5.0.1",
      "postcss-extend": "^1.0.1",
      "postcss-media-minmax": "^2.1.1",
      "postcss-mixins": "^4.0.0",
      "postcss-nested": "^1.0.0",
      "postcss-partial-import": "^1.3.0",
      "postcss-simple-vars": "^1.2.0",
      "postcss-size": "^1.0.0",
      "require-dir": "^0.3.0",
      "vinyl-buffer": "^1.0.0",
      "vinyl-source-stream": "^1.1.0"
    },
    "dependencies": {
      "imagemin-pngquant": "^4.2.2"
    }
  }

yarn manifest: 
  No manifest

Lockfile: 
  No lockfile

Trace: 
  Error: Command "build" not found.
      at new MessageError (/usr/local/Cellar/yarn/1.5.1/libexec/lib/cli.js:186:110)
      at /usr/local/Cellar/yarn/1.5.1/libexec/lib/cli.js:87307:17
      at Generator.next (<anonymous>)
      at step (/usr/local/Cellar/yarn/1.5.1/libexec/lib/cli.js:98:30)
      at /usr/local/Cellar/yarn/1.5.1/libexec/lib/cli.js:116:14
      at new Promise (<anonymous>)
      at new F (/usr/local/Cellar/yarn/1.5.1/libexec/lib/cli.js:23451:28)
      at /usr/local/Cellar/yarn/1.5.1/libexec/lib/cli.js:95:12
      at runCommand (/usr/local/Cellar/yarn/1.5.1/libexec/lib/cli.js:87312:22)
      at Object.<anonymous> (/usr/local/Cellar/yarn/1.5.1/libexec/lib/cli.js:87412:14)
